<?xml version="1.0" encoding="UTF-8"?>
<!-- Generated by org.testng.reporters.JUnitReportReporter -->
<testsuite hostname="Karthikeyans-MacBook-Pro.local" failures="0" tests="2" name="tests.LoginPageTest" time="14.078" errors="0" timestamp="2021-11-21T09:50:37 IST" skipped="0">
  <testcase classname="tests.LoginPageTest" name="test2" time="8.768"/>
  <system-out/>
  <testcase classname="tests.LoginPageTest" name="test1" time="5.310"/>
  <system-out/>
</testsuite> <!-- tests.LoginPageTest -->
