<?xml version="1.0" encoding="UTF-8"?>
<!-- Generated by org.testng.reporters.JUnitReportReporter -->
<testsuite hostname="Karthikeyans-MacBook-Pro.local" failures="0" tests="2" name="tests.LoginPageTest" time="11.259" errors="0" timestamp="2021-11-08T09:39:45 IST" skipped="0">
  <testcase classname="tests.LoginPageTest" name="test2" time="4.516"/>
  <system-out/>
  <testcase classname="tests.LoginPageTest" name="test1" time="6.743"/>
  <system-out/>
</testsuite> <!-- tests.LoginPageTest -->
