<?xml version="1.0" encoding="UTF-8"?>
<!-- Generated by org.testng.reporters.JUnitReportReporter -->
<testsuite hostname="Karthikeyans-MacBook-Pro.local" failures="0" tests="1" name="tests.HomepageTest" time="6.206" errors="0" timestamp="2021-11-21T09:50:37 IST" skipped="0">
  <testcase classname="tests.HomepageTest" name="test3" time="6.206"/>
  <system-out/>
</testsuite> <!-- tests.HomepageTest -->
