<?xml version="1.0" encoding="UTF-8"?>
<!-- Generated by org.testng.reporters.JUnitReportReporter -->
<testsuite hostname="Karthikeyans-MacBook-Pro.local" failures="0" tests="1" name="tests.HomepageTest" time="5.005" errors="0" timestamp="2021-11-08T09:39:45 IST" skipped="0">
  <testcase classname="tests.HomepageTest" name="test3" time="5.005"/>
  <system-out/>
</testsuite> <!-- tests.HomepageTest -->
